{"/home/vctrblck/Projects/shopping-list-server/application.js": {"path":"/home/vctrblck/Projects/shopping-list-server/application.js","statementMap":{"0":{"start":{"line":10,"column":16},"end":{"line":10,"column":34}},"1":{"start":{"line":11,"column":15},"end":{"line":11,"column":32}},"2":{"start":{"line":12,"column":13},"end":{"line":12,"column":28}},"3":{"start":{"line":17,"column":22},"end":{"line":17,"column":48}},"4":{"start":{"line":18,"column":19},"end":{"line":18,"column":42}},"5":{"start":{"line":19,"column":19},"end":{"line":19,"column":42}},"6":{"start":{"line":23,"column":12},"end":{"line":23,"column":21}},"7":{"start":{"line":26,"column":0},"end":{"line":26,"column":23}},"8":{"start":{"line":27,"column":0},"end":{"line":27,"column":57}},"9":{"start":{"line":28,"column":0},"end":{"line":28,"column":63}},"10":{"start":{"line":29,"column":0},"end":{"line":29,"column":16}},"11":{"start":{"line":32,"column":0},"end":{"line":32,"column":31}},"12":{"start":{"line":33,"column":0},"end":{"line":33,"column":28}},"13":{"start":{"line":34,"column":0},"end":{"line":34,"column":28}},"14":{"start":{"line":35,"column":0},"end":{"line":37,"column":3}},"15":{"start":{"line":36,"column":2},"end":{"line":36,"column":37}},"16":{"start":{"line":39,"column":0},"end":{"line":39,"column":21}}},"fnMap":{"0":{"name":"(anonymous_0)","decl":{"start":{"line":35,"column":13},"end":{"line":35,"column":14}},"loc":{"start":{"line":35,"column":36},"end":{"line":37,"column":1}},"line":35}},"branchMap":{},"s":{"0":3,"1":3,"2":3,"3":3,"4":3,"5":3,"6":3,"7":3,"8":3,"9":3,"10":3,"11":3,"12":3,"13":3,"14":3,"15":0,"16":3},"f":{"0":0},"b":{},"_coverageSchema":"1a1c01bbd47fc00a2c39e90264f33305004495a9","hash":"5c1feae10ce1b54a138cbb9a1189c78dd41cde18"}
,"/home/vctrblck/Projects/shopping-list-server/config.js": {"path":"/home/vctrblck/Projects/shopping-list-server/config.js","statementMap":{"0":{"start":{"line":9,"column":15},"end":{"line":9,"column":32}},"1":{"start":{"line":17,"column":0},"end":{"line":17,"column":16}},"2":{"start":{"line":19,"column":15},"end":{"line":25,"column":1}},"3":{"start":{"line":27,"column":0},"end":{"line":27,"column":24}}},"fnMap":{},"branchMap":{"0":{"loc":{"start":{"line":20,"column":8},"end":{"line":20,"column":32}},"type":"binary-expr","locations":[{"start":{"line":20,"column":8},"end":{"line":20,"column":24}},{"start":{"line":20,"column":28},"end":{"line":20,"column":32}}],"line":20},"1":{"loc":{"start":{"line":22,"column":4},"end":{"line":22,"column":72}},"type":"binary-expr","locations":[{"start":{"line":22,"column":4},"end":{"line":22,"column":27}},{"start":{"line":22,"column":31},"end":{"line":22,"column":72}}],"line":22},"2":{"loc":{"start":{"line":23,"column":14},"end":{"line":23,"column":56}},"type":"binary-expr","locations":[{"start":{"line":23,"column":14},"end":{"line":23,"column":36}},{"start":{"line":23,"column":40},"end":{"line":23,"column":56}}],"line":23}},"s":{"0":3,"1":3,"2":3,"3":3},"f":{},"b":{"0":[3,3],"1":[3,3],"2":[3,3]},"_coverageSchema":"1a1c01bbd47fc00a2c39e90264f33305004495a9","hash":"bc5c7e14f91aa975fde89023dedc6a86ae2ee152"}
,"/home/vctrblck/Projects/shopping-list-server/controller/item.js": {"path":"/home/vctrblck/Projects/shopping-list-server/controller/item.js","statementMap":{"0":{"start":{"line":20,"column":13},"end":{"line":20,"column":39}},"1":{"start":{"line":25,"column":23},"end":{"line":31,"column":1}},"2":{"start":{"line":27,"column":16},"end":{"line":27,"column":35}},"3":{"start":{"line":30,"column":2},"end":{"line":30,"column":23}},"4":{"start":{"line":34,"column":18},"end":{"line":45,"column":1}},"5":{"start":{"line":36,"column":15},"end":{"line":36,"column":53}},"6":{"start":{"line":39,"column":2},"end":{"line":44,"column":3}},"7":{"start":{"line":40,"column":4},"end":{"line":40,"column":24}},"8":{"start":{"line":43,"column":4},"end":{"line":43,"column":62}},"9":{"start":{"line":48,"column":19},"end":{"line":48,"column":27}},"10":{"start":{"line":50,"column":0},"end":{"line":50,"column":59}}},"fnMap":{"0":{"name":"(anonymous_0)","decl":{"start":{"line":25,"column":23},"end":{"line":25,"column":24}},"loc":{"start":{"line":25,"column":52},"end":{"line":31,"column":1}},"line":25},"1":{"name":"(anonymous_1)","decl":{"start":{"line":34,"column":18},"end":{"line":34,"column":19}},"loc":{"start":{"line":34,"column":47},"end":{"line":45,"column":1}},"line":34},"2":{"name":"(anonymous_2)","decl":{"start":{"line":48,"column":19},"end":{"line":48,"column":20}},"loc":{"start":{"line":48,"column":25},"end":{"line":48,"column":27}},"line":48}},"branchMap":{"0":{"loc":{"start":{"line":39,"column":2},"end":{"line":44,"column":3}},"type":"if","locations":[{"start":{"line":39,"column":2},"end":{"line":44,"column":3}},{"start":{"line":41,"column":9},"end":{"line":44,"column":3}}],"line":39}},"s":{"0":3,"1":3,"2":0,"3":0,"4":3,"5":0,"6":0,"7":0,"8":0,"9":3,"10":3},"f":{"0":0,"1":0,"2":0},"b":{"0":[0,0]},"_coverageSchema":"1a1c01bbd47fc00a2c39e90264f33305004495a9","hash":"bfe8b4080c365e0e3fc9ce9c2e172e9ae31bdbf3"}
,"/home/vctrblck/Projects/shopping-list-server/controller/list.js": {"path":"/home/vctrblck/Projects/shopping-list-server/controller/list.js","statementMap":{"0":{"start":{"line":3,"column":13},"end":{"line":3,"column":37}},"1":{"start":{"line":4,"column":16},"end":{"line":4,"column":43}},"2":{"start":{"line":24,"column":19},"end":{"line":30,"column":1}},"3":{"start":{"line":26,"column":16},"end":{"line":26,"column":35}},"4":{"start":{"line":29,"column":2},"end":{"line":29,"column":23}},"5":{"start":{"line":33,"column":16},"end":{"line":58,"column":1}},"6":{"start":{"line":34,"column":40},"end":{"line":34,"column":52}},"7":{"start":{"line":36,"column":2},"end":{"line":57,"column":3}},"8":{"start":{"line":38,"column":20},"end":{"line":38,"column":49}},"9":{"start":{"line":41,"column":25},"end":{"line":45,"column":6}},"10":{"start":{"line":48,"column":19},"end":{"line":48,"column":50}},"11":{"start":{"line":50,"column":4},"end":{"line":52,"column":7}},"12":{"start":{"line":54,"column":4},"end":{"line":56,"column":66}},"13":{"start":{"line":61,"column":19},"end":{"line":61,"column":27}},"14":{"start":{"line":63,"column":0},"end":{"line":63,"column":53}}},"fnMap":{"0":{"name":"(anonymous_0)","decl":{"start":{"line":24,"column":19},"end":{"line":24,"column":20}},"loc":{"start":{"line":24,"column":31},"end":{"line":30,"column":1}},"line":24},"1":{"name":"(anonymous_1)","decl":{"start":{"line":33,"column":16},"end":{"line":33,"column":17}},"loc":{"start":{"line":33,"column":45},"end":{"line":58,"column":1}},"line":33},"2":{"name":"(anonymous_2)","decl":{"start":{"line":61,"column":19},"end":{"line":61,"column":20}},"loc":{"start":{"line":61,"column":25},"end":{"line":61,"column":27}},"line":61}},"branchMap":{},"s":{"0":3,"1":3,"2":3,"3":0,"4":0,"5":3,"6":0,"7":0,"8":0,"9":0,"10":0,"11":0,"12":0,"13":3,"14":3},"f":{"0":0,"1":0,"2":0},"b":{},"_coverageSchema":"1a1c01bbd47fc00a2c39e90264f33305004495a9","hash":"b53e284e0d2d40e1a57df7e7cf3ca975a69b197e"}
,"/home/vctrblck/Projects/shopping-list-server/controller/shopper.js": {"path":"/home/vctrblck/Projects/shopping-list-server/controller/shopper.js","statementMap":{"0":{"start":{"line":16,"column":15},"end":{"line":16,"column":34}},"1":{"start":{"line":17,"column":12},"end":{"line":17,"column":35}},"2":{"start":{"line":21,"column":15},"end":{"line":21,"column":37}},"3":{"start":{"line":23,"column":16},"end":{"line":23,"column":45}},"4":{"start":{"line":28,"column":24},"end":{"line":69,"column":1}},"5":{"start":{"line":30,"column":40},"end":{"line":30,"column":52}},"6":{"start":{"line":32,"column":2},"end":{"line":68,"column":3}},"7":{"start":{"line":34,"column":25},"end":{"line":34,"column":60}},"8":{"start":{"line":37,"column":4},"end":{"line":39,"column":5}},"9":{"start":{"line":38,"column":6},"end":{"line":38,"column":79}},"10":{"start":{"line":42,"column":27},"end":{"line":42,"column":58}},"11":{"start":{"line":45,"column":19},"end":{"line":49,"column":6}},"12":{"start":{"line":52,"column":18},"end":{"line":54,"column":6}},"13":{"start":{"line":57,"column":4},"end":{"line":61,"column":7}},"14":{"start":{"line":63,"column":4},"end":{"line":65,"column":64}},"15":{"start":{"line":67,"column":4},"end":{"line":67,"column":23}},"16":{"start":{"line":72,"column":21},"end":{"line":112,"column":1}},"17":{"start":{"line":74,"column":33},"end":{"line":74,"column":45}},"18":{"start":{"line":76,"column":2},"end":{"line":111,"column":3}},"19":{"start":{"line":78,"column":28},"end":{"line":78,"column":63}},"20":{"start":{"line":81,"column":4},"end":{"line":85,"column":5}},"21":{"start":{"line":82,"column":6},"end":{"line":84,"column":60}},"22":{"start":{"line":88,"column":30},"end":{"line":91,"column":5}},"23":{"start":{"line":92,"column":4},"end":{"line":96,"column":5}},"24":{"start":{"line":93,"column":6},"end":{"line":95,"column":60}},"25":{"start":{"line":98,"column":18},"end":{"line":100,"column":6}},"26":{"start":{"line":102,"column":4},"end":{"line":106,"column":7}},"27":{"start":{"line":108,"column":4},"end":{"line":108,"column":75}},"28":{"start":{"line":110,"column":4},"end":{"line":110,"column":23}},"29":{"start":{"line":115,"column":22},"end":{"line":115,"column":30}},"30":{"start":{"line":117,"column":0},"end":{"line":117,"column":66}}},"fnMap":{"0":{"name":"(anonymous_0)","decl":{"start":{"line":28,"column":24},"end":{"line":28,"column":25}},"loc":{"start":{"line":28,"column":53},"end":{"line":69,"column":1}},"line":28},"1":{"name":"(anonymous_1)","decl":{"start":{"line":72,"column":21},"end":{"line":72,"column":22}},"loc":{"start":{"line":72,"column":50},"end":{"line":112,"column":1}},"line":72},"2":{"name":"(anonymous_2)","decl":{"start":{"line":115,"column":22},"end":{"line":115,"column":23}},"loc":{"start":{"line":115,"column":28},"end":{"line":115,"column":30}},"line":115}},"branchMap":{"0":{"loc":{"start":{"line":37,"column":4},"end":{"line":39,"column":5}},"type":"if","locations":[{"start":{"line":37,"column":4},"end":{"line":39,"column":5}},{"start":{},"end":{}}],"line":37},"1":{"loc":{"start":{"line":81,"column":4},"end":{"line":85,"column":5}},"type":"if","locations":[{"start":{"line":81,"column":4},"end":{"line":85,"column":5}},{"start":{},"end":{}}],"line":81},"2":{"loc":{"start":{"line":92,"column":4},"end":{"line":96,"column":5}},"type":"if","locations":[{"start":{"line":92,"column":4},"end":{"line":96,"column":5}},{"start":{},"end":{}}],"line":92}},"s":{"0":3,"1":3,"2":3,"3":3,"4":3,"5":0,"6":0,"7":0,"8":0,"9":0,"10":0,"11":0,"12":0,"13":0,"14":0,"15":0,"16":3,"17":0,"18":0,"19":0,"20":0,"21":0,"22":0,"23":0,"24":0,"25":0,"26":0,"27":0,"28":0,"29":3,"30":3},"f":{"0":0,"1":0,"2":0},"b":{"0":[0,0],"1":[0,0],"2":[0,0]},"_coverageSchema":"1a1c01bbd47fc00a2c39e90264f33305004495a9","hash":"5d822e4a7e011d1d6bd235a7c76f7f0907732fee"}
,"/home/vctrblck/Projects/shopping-list-server/model/item.js": {"path":"/home/vctrblck/Projects/shopping-list-server/model/item.js","statementMap":{"0":{"start":{"line":5,"column":17},"end":{"line":5,"column":36}},"1":{"start":{"line":13,"column":19},"end":{"line":49,"column":1}},"2":{"start":{"line":51,"column":13},"end":{"line":51,"column":47}},"3":{"start":{"line":53,"column":0},"end":{"line":53,"column":22}}},"fnMap":{},"branchMap":{},"s":{"0":3,"1":3,"2":3,"3":3},"f":{},"b":{},"_coverageSchema":"1a1c01bbd47fc00a2c39e90264f33305004495a9","hash":"d5c9841c5dcc91cfd79cad739e9ba64825e1424f"}
,"/home/vctrblck/Projects/shopping-list-server/model/list.js": {"path":"/home/vctrblck/Projects/shopping-list-server/model/list.js","statementMap":{"0":{"start":{"line":5,"column":17},"end":{"line":5,"column":36}},"1":{"start":{"line":13,"column":19},"end":{"line":39,"column":1}},"2":{"start":{"line":41,"column":13},"end":{"line":41,"column":47}},"3":{"start":{"line":43,"column":0},"end":{"line":43,"column":22}}},"fnMap":{},"branchMap":{},"s":{"0":3,"1":3,"2":3,"3":3},"f":{},"b":{},"_coverageSchema":"1a1c01bbd47fc00a2c39e90264f33305004495a9","hash":"7bd7f912f8aea4ac1c71b8ae0b752661b8f467a1"}
,"/home/vctrblck/Projects/shopping-list-server/model/shopper.js": {"path":"/home/vctrblck/Projects/shopping-list-server/model/shopper.js","statementMap":{"0":{"start":{"line":5,"column":17},"end":{"line":5,"column":36}},"1":{"start":{"line":13,"column":22},"end":{"line":46,"column":1}},"2":{"start":{"line":48,"column":16},"end":{"line":48,"column":56}},"3":{"start":{"line":50,"column":0},"end":{"line":50,"column":25}}},"fnMap":{},"branchMap":{},"s":{"0":3,"1":3,"2":3,"3":3},"f":{},"b":{},"_coverageSchema":"1a1c01bbd47fc00a2c39e90264f33305004495a9","hash":"b22565425b6fdeb831c9fda79cd64115e2af0603"}
,"/home/vctrblck/Projects/shopping-list-server/route/item.js": {"path":"/home/vctrblck/Projects/shopping-list-server/route/item.js","statementMap":{"0":{"start":{"line":16,"column":16},"end":{"line":16,"column":34}},"1":{"start":{"line":25,"column":4},"end":{"line":25,"column":35}},"2":{"start":{"line":30,"column":15},"end":{"line":30,"column":31}},"3":{"start":{"line":35,"column":0},"end":{"line":35,"column":46}},"4":{"start":{"line":40,"column":0},"end":{"line":40,"column":35}},"5":{"start":{"line":45,"column":0},"end":{"line":45,"column":36}},"6":{"start":{"line":47,"column":0},"end":{"line":47,"column":24}}},"fnMap":{},"branchMap":{},"s":{"0":3,"1":3,"2":3,"3":3,"4":3,"5":3,"6":3},"f":{},"b":{},"_coverageSchema":"1a1c01bbd47fc00a2c39e90264f33305004495a9","hash":"e596f68cfb9cbbb73ca6ea2fec2f600da6bdd721"}
,"/home/vctrblck/Projects/shopping-list-server/route/list.js": {"path":"/home/vctrblck/Projects/shopping-list-server/route/list.js","statementMap":{"0":{"start":{"line":16,"column":16},"end":{"line":16,"column":34}},"1":{"start":{"line":21,"column":44},"end":{"line":21,"column":75}},"2":{"start":{"line":26,"column":15},"end":{"line":26,"column":31}},"3":{"start":{"line":31,"column":0},"end":{"line":31,"column":40}},"4":{"start":{"line":36,"column":0},"end":{"line":36,"column":42}},"5":{"start":{"line":41,"column":0},"end":{"line":41,"column":47}},"6":{"start":{"line":43,"column":0},"end":{"line":43,"column":24}}},"fnMap":{},"branchMap":{},"s":{"0":3,"1":3,"2":3,"3":3,"4":3,"5":3,"6":3},"f":{},"b":{},"_coverageSchema":"1a1c01bbd47fc00a2c39e90264f33305004495a9","hash":"9c8537d5128aa113d82fbcd478d3a43371acdd52"}
,"/home/vctrblck/Projects/shopping-list-server/route/shopper.js": {"path":"/home/vctrblck/Projects/shopping-list-server/route/shopper.js","statementMap":{"0":{"start":{"line":17,"column":16},"end":{"line":17,"column":34}},"1":{"start":{"line":26,"column":4},"end":{"line":26,"column":38}},"2":{"start":{"line":33,"column":15},"end":{"line":33,"column":31}},"3":{"start":{"line":38,"column":0},"end":{"line":38,"column":50}},"4":{"start":{"line":43,"column":0},"end":{"line":43,"column":44}},"5":{"start":{"line":48,"column":0},"end":{"line":48,"column":46}},"6":{"start":{"line":50,"column":0},"end":{"line":50,"column":24}}},"fnMap":{},"branchMap":{},"s":{"0":3,"1":3,"2":3,"3":3,"4":3,"5":3,"6":3},"f":{},"b":{},"_coverageSchema":"1a1c01bbd47fc00a2c39e90264f33305004495a9","hash":"cfe0a1cb11395246e28ad1466faf666d8898949b"}
}
