TN:
SF:application.js
FN:35,(anonymous_0)
FNF:1
FNH:0
FNDA:0,(anonymous_0)
DA:10,3
DA:11,3
DA:12,3
DA:17,3
DA:18,3
DA:19,3
DA:23,3
DA:26,3
DA:27,3
DA:28,3
DA:29,3
DA:32,3
DA:33,3
DA:34,3
DA:35,3
DA:36,0
DA:39,3
LF:17
LH:16
BRF:0
BRH:0
end_of_record
TN:
SF:config.js
FNF:0
FNH:0
DA:9,3
DA:17,3
DA:19,3
DA:27,3
LF:4
LH:4
BRDA:20,0,0,3
BRDA:20,0,1,3
BRDA:22,1,0,3
BRDA:22,1,1,3
BRDA:23,2,0,3
BRDA:23,2,1,3
BRF:6
BRH:6
end_of_record
TN:
SF:controller/item.js
FN:25,(anonymous_0)
FN:34,(anonymous_1)
FN:48,(anonymous_2)
FNF:3
FNH:0
FNDA:0,(anonymous_0)
FNDA:0,(anonymous_1)
FNDA:0,(anonymous_2)
DA:20,3
DA:25,3
DA:27,0
DA:30,0
DA:34,3
DA:36,0
DA:39,0
DA:40,0
DA:43,0
DA:48,3
DA:50,3
LF:11
LH:5
BRDA:39,0,0,0
BRDA:39,0,1,0
BRF:2
BRH:0
end_of_record
TN:
SF:controller/list.js
FN:24,(anonymous_0)
FN:33,(anonymous_1)
FN:57,(anonymous_2)
FNF:3
FNH:0
FNDA:0,(anonymous_0)
FNDA:0,(anonymous_1)
FNDA:0,(anonymous_2)
DA:3,3
DA:4,3
DA:24,3
DA:26,0
DA:29,0
DA:33,3
DA:34,0
DA:36,0
DA:38,0
DA:41,0
DA:46,0
DA:50,0
DA:57,3
DA:59,3
LF:14
LH:6
BRF:0
BRH:0
end_of_record
TN:
SF:controller/shopper.js
FN:28,(anonymous_0)
FN:72,(anonymous_1)
FN:115,(anonymous_2)
FNF:3
FNH:0
FNDA:0,(anonymous_0)
FNDA:0,(anonymous_1)
FNDA:0,(anonymous_2)
DA:16,3
DA:17,3
DA:21,3
DA:23,3
DA:28,3
DA:30,0
DA:32,0
DA:34,0
DA:37,0
DA:38,0
DA:42,0
DA:45,0
DA:52,0
DA:57,0
DA:63,0
DA:67,0
DA:72,3
DA:74,0
DA:76,0
DA:78,0
DA:81,0
DA:82,0
DA:88,0
DA:92,0
DA:93,0
DA:98,0
DA:102,0
DA:108,0
DA:110,0
DA:115,3
DA:117,3
LF:31
LH:8
BRDA:37,0,0,0
BRDA:37,0,1,0
BRDA:81,1,0,0
BRDA:81,1,1,0
BRDA:92,2,0,0
BRDA:92,2,1,0
BRF:6
BRH:0
end_of_record
TN:
SF:model/item.js
FNF:0
FNH:0
DA:5,3
DA:13,3
DA:51,3
DA:53,3
LF:4
LH:4
BRF:0
BRH:0
end_of_record
TN:
SF:model/list.js
FNF:0
FNH:0
DA:5,3
DA:13,3
DA:41,3
DA:43,3
LF:4
LH:4
BRF:0
BRH:0
end_of_record
TN:
SF:model/shopper.js
FNF:0
FNH:0
DA:5,3
DA:13,3
DA:48,3
DA:50,3
LF:4
LH:4
BRF:0
BRH:0
end_of_record
TN:
SF:route/item.js
FNF:0
FNH:0
DA:16,3
DA:25,3
DA:30,3
DA:35,3
DA:40,3
DA:45,3
DA:47,3
LF:7
LH:7
BRF:0
BRH:0
end_of_record
TN:
SF:route/list.js
FNF:0
FNH:0
DA:16,3
DA:21,3
DA:26,3
DA:31,3
DA:36,3
DA:41,3
DA:43,3
LF:7
LH:7
BRF:0
BRH:0
end_of_record
TN:
SF:route/shopper.js
FNF:0
FNH:0
DA:17,3
DA:26,3
DA:33,3
DA:38,3
DA:43,3
DA:48,3
DA:50,3
LF:7
LH:7
BRF:0
BRH:0
end_of_record
